<?xml version="1.0" encoding="UTF-8"?>
<!-- Generated by org.testng.reporters.JUnitXMLReporter -->
<testsuite ignored="0" hostname="LAPTOP-EJLT6FNF" failures="0" tests="6" name="Default test" time="5.084" errors="0" timestamp="2023-09-07T20:59:09 BRT">
  <testcase classname="sicrediApiTest.PostAuthTest" name="PostAuthAPITest" time="1.691"/>
  <testcase classname="sicrediApiTest.PostAuthTest" name="postAuthAPITest400Body" time="0.541"/>
  <testcase classname="sicrediApiTest.PostAuthTest" name="postAuthAPITest400Headers" time="0.539"/>
  <testcase classname="sicrediApiTest.PostAuthTest" name="postAuthAPITest400Password" time="0.546"/>
  <testcase classname="sicrediApiTest.PostAuthTest" name="postAuthAPITest400Username" time="0.533"/>
  <testcase classname="sicrediApiTest.PostAuthTest" name="postAuthAPITest403" time="0.541"/>
</testsuite> <!-- Default test -->
