<?xml version="1.0" encoding="UTF-8"?>
<!-- Generated by org.testng.reporters.JUnitXMLReporter -->
<testsuite ignored="0" hostname="LAPTOP-EJLT6FNF" failures="0" tests="21" name="sicrediApiTest" time="16.519" errors="0" timestamp="2023-09-07T21:31:00 BRT">
  <testcase classname="sicrediApiTest.GetAPITest" name="getTest" time="1.609"/>
  <testcase classname="sicrediApiTest.GetAPITest" name="getTest400" time="0.551"/>
  <testcase classname="sicrediApiTest.GetAuthTest" name="getAuth" time="0.55"/>
  <testcase classname="sicrediApiTest.GetAuthTest" name="getAuth403" time="0.536"/>
  <testcase classname="sicrediApiTest.GetAuthTest" name="getAuth404" time="0.53"/>
  <testcase classname="sicrediApiTest.GetAuthTest" name="getAuth500" time="0.528"/>
  <testcase classname="sicrediApiTest.GetProductsTest" name="getProducts" time="0.537"/>
  <testcase classname="sicrediApiTest.GetProductsTest" name="getProducts404" time="0.528"/>
  <testcase classname="sicrediApiTest.GetProductsTestById" name="getProductsById" time="0.875"/>
  <testcase classname="sicrediApiTest.GetProductsTestById" name="getProductsById404" time="0.866"/>
  <testcase classname="sicrediApiTest.GetUsersTest" name="getUsers" time="0.545"/>
  <testcase classname="sicrediApiTest.GetUsersTest" name="getUsers404" time="0.54"/>
  <testcase classname="sicrediApiTest.PostAuthTest" name="PostAuthAPITest" time="0.534"/>
  <testcase classname="sicrediApiTest.PostAuthTest" name="postAuthAPITest400Body" time="0.527"/>
  <testcase classname="sicrediApiTest.PostAuthTest" name="postAuthAPITest400Headers" time="0.529"/>
  <testcase classname="sicrediApiTest.PostAuthTest" name="postAuthAPITest400Password" time="0.538"/>
  <testcase classname="sicrediApiTest.PostAuthTest" name="postAuthAPITest400Username" time="0.531"/>
  <testcase classname="sicrediApiTest.PostAuthTest" name="postAuthAPITest403" time="0.529"/>
  <testcase classname="sicrediApiTest.PostProductsTest" name="postProductsAPITest" time="0.528"/>
  <testcase classname="sicrediApiTest.PostProductsTest" name="postProductsAPITest400Body" time="0.526"/>
  <testcase classname="sicrediApiTest.PostProductsTest" name="postProductsAPITest404" time="0.529"/>
</testsuite> <!-- sicrediApiTest -->
